(1490287672.911725) vcan1 3CA#0380080000000000
(1490287672.915427) vcan1 3CD#000000FFFF000220
(1490287672.916368) vcan1 3D8#000000008000F010
(1490287672.939742) vcan1 3CA#0380080000000000
(1490287672.968949) vcan1 3CA#0380080000000000
(1490287672.997451) vcan1 3CA#FF80080000000000
(1490287673.030072) vcan1 3CA#FF80080000000000
(1490287673.058648) vcan1 3CA#FF80080000000000
(1490287673.091214) vcan1 3CA#FF80080000000000
(1490287673.119833) vcan1 3CA#FF80080000000000
(1490287673.148820) vcan1 3CA#FF80080000000000
(1490287673.177494) vcan1 3CA#FF80080000000000
(1490287673.210225) vcan1 3CA#FF80080000000000
(1490287673.239042) vcan1 3CA#FF80080000000000
(1490287673.267598) vcan1 3CA#FF80080000000000
(1490287673.300005) vcan1 3CA#FF80080000000000
(1490287673.329056) vcan1 3CA#FF80080000000000
(1490287673.357727) vcan1 3CA#FF80080000000000
(1490287673.390424) vcan1 3CA#FF80080000000000
(1490287673.418959) vcan1 3CA#FF80080000000000
(1490287673.447810) vcan1 3CA#FF80080000000000
(1490287673.480252) vcan1 3CA#FF80080000000000
(1490287673.512992) vcan1 3CA#FF80080000000000
(1490287673.537913) vcan1 3CA#FF80080000000000
(1490287673.570591) vcan1 3CA#FF80080000000000
(1490287673.599769) vcan1 3CA#FF80080000000000
(1490287673.628357) vcan1 3CA#FF80080000000000
(1490287673.657033) vcan1 3CA#FF80080000000000
(1490287673.689609) vcan1 3CA#FF80080000000000
(1490287673.722013) vcan1 3CA#FF80080000000000
(1490287673.750719) vcan1 3CA#FF80080000000000
(1490287673.779475) vcan1 3CA#FF80080000000000
(1490287673.812125) vcan1 3CA#FF80080000000000
(1490287673.841357) vcan1 3CA#FF80080000000000
(1490287673.869931) vcan1 3CA#FF80080000000000
(1490287673.902172) vcan1 3CA#FF80080000000000
(1490287673.911234) vcan1 3CD#000000FFFF000220
(1490287673.914808) vcan1 3D8#000000008005F010
(1490287673.931053) vcan1 3CA#FF80080000000000
(1490287673.959698) vcan1 3CA#FF80080000000000
(1490287673.988596) vcan1 3CA#FF80080000000000
(1490287674.009117) vcan1 3D8#000000008045F010
(1490287674.017246) vcan1 3CA#FF80080000000000
(1490287674.050044) vcan1 3CA#FF80080000000000
(1490287674.053689) vcan1 3CD#0000000000000000
(1490287674.078559) vcan1 3CA#FF80080000000000
(1490287674.111147) vcan1 3CA#FF80080000000000
(1490287674.139980) vcan1 3CA#FF80080000000000
(1490287674.168716) vcan1 3CA#FF80080000000000
(1490287674.197373) vcan1 3CA#FF80080000000000
(1490287674.230184) vcan1 3CA#FF80080000000000
(1490287674.233869) vcan1 3D8#000308078045F010
(1490287674.258780) vcan1 3CA#FF80080000000000
(1490287674.279165) vcan1 3D8#000000008045F010
(1490287674.291239) vcan1 3CA#FF80080000000000
(1490287674.320014) vcan1 3CA#FF80080000000000
(1490287674.348929) vcan1 3CA#FF80080000000000
(1490287674.377722) vcan1 3CA#FF80080000000000
(1490287674.381632) vcan1 3D8#000108088045F010
(1490287674.410374) vcan1 3CA#FF80080000000000
(1490287674.430642) vcan1 3D8#000000008045F010
(1490287674.438941) vcan1 3CA#FF80080000000000
(1490287674.471482) vcan1 3CA#FF80080000000000
(1490287674.500132) vcan1 3CA#FF80080000000000
(1490287674.529365) vcan1 3CA#FF80080000000000
(1490287674.533123) vcan1 3D8#0003080B8045F010
(1490287674.557839) vcan1 3CA#FF80080000000000
(1490287674.578401) vcan1 3D8#000000008045F010
(1490287674.590447) vcan1 3CA#FF80080000000000
(1490287674.619193) vcan1 3CA#FF80080000000000
(1490287674.651659) vcan1 3CA#FF80080000000000
(1490287674.680585) vcan1 3CA#FF80080000000000
(1490287674.681250) vcan1 3D8#0001080C8045F010
(1490287674.713143) vcan1 3CA#FF80080000000000
(1490287674.729948) vcan1 3D8#000000008045F010
(1490287674.741865) vcan1 3CA#FF80080000000000
(1490287674.770834) vcan1 3CA#FF80080000000000
(1490287674.799470) vcan1 3CA#FF80080000000000
(1490287674.831917) vcan1 3CA#FF80080000000000
(1490287674.860741) vcan1 3CA#FF80080000000000
(1490287674.889910) vcan1 3CA#FF80080000000000
(1490287674.910382) vcan1 3CD#0000000000000000
(1490287674.914243) vcan1 3D8#000000008045F010
(1490287674.918486) vcan1 3CA#FF80080000000000
(1490287674.950936) vcan1 3CA#FF80080000000000
(1490287674.979516) vcan1 3CA#FF80080000000000
(1490287675.012339) vcan1 3CA#FF80080000000000
(1490287675.037164) vcan1 3CA#FF80080000000000
(1490287675.069833) vcan1 3CA#FF80080000000000
(1490287675.098936) vcan1 3CA#FF80080000000000
(1490287675.131186) vcan1 3CA#FF80080000000000
(1490287675.159767) vcan1 3CA#FF80080000000000
(1490287675.188738) vcan1 3CA#FF80080000000000
(1490287675.217294) vcan1 3CA#FF80080000000000
(1490287675.250143) vcan1 3CA#FF80080000000000
(1490287675.278717) vcan1 3CA#FF80080000000000
(1490287675.307439) vcan1 3CA#FF80080000000000
(1490287675.339879) vcan1 3CA#FF80080000000000
(1490287675.368907) vcan1 3CA#FF80080000000000
(1490287675.397578) vcan1 3CA#FF80080000000000
(1490287675.430171) vcan1 3CA#FF80080000000000
(1490287675.458905) vcan1 3CA#FF80080000000000
(1490287675.491398) vcan1 3CA#FF80080000000000
(1490287675.520348) vcan1 3CA#FF80080000000000
(1490287675.549160) vcan1 3CA#FF80080000000000
(1490287675.577822) vcan1 3CA#FF80080000000000
(1490287675.610565) vcan1 3CA#FF80080000000000
(1490287675.639262) vcan1 3CA#FF80080000000000
(1490287675.667922) vcan1 3CA#FF80080000000000
(1490287675.700289) vcan1 3CA#FF80080000000000
(1490287675.729387) vcan1 3CA#FF80080000000000
(1490287675.758051) vcan1 3CA#FF80080000000000
(1490287675.790638) vcan1 3CA#FF80080000000000
(1490287675.819273) vcan1 3CA#FF80080000000000
(1490287675.851975) vcan1 3CA#FF80080000000000
(1490287675.876846) vcan1 3CA#FF80080000000000
(1490287675.913597) vcan1 3CA#FF80080000000000
(1490287675.913977) vcan1 3CD#0000000000000000
(1490287675.917593) vcan1 3D8#000000008045F010
(1490287675.938251) vcan1 3CA#FF80080000000000
(1490287675.970874) vcan1 3CA#FF80080000000000
(1490287675.999725) vcan1 3CA#FF80080000000000
(1490287676.028635) vcan1 3CA#FF80080000000000
(1490287676.057302) vcan1 3CA#FF80080000000000
(1490287676.089853) vcan1 3CA#FF80080000000000
(1490287676.122232) vcan1 3CA#FF80080000000000
(1490287676.150937) vcan1 3CA#FF80080000000000
(1490287676.179682) vcan1 3CA#FF80080000000000
(1490287676.212482) vcan1 3CA#FF80080000000000
(1490287676.237352) vcan1 3CA#FF80080000000000
(1490287676.269950) vcan1 3CA#FF80080000000000
(1490287676.298681) vcan1 3CA#FF80080000000000
(1490287676.331146) vcan1 3CA#FF80080000000000
(1490287676.359997) vcan1 3CA#FF80080000000000
(1490287676.388835) vcan1 3CA#FF80080000000000
(1490287676.417515) vcan1 3CA#FF80080000000000
(1490287676.450134) vcan1 3CA#FF80080000000000
(1490287676.478845) vcan1 3CA#FF80080000000000
(1490287676.507532) vcan1 3CA#FF80080000000000
(1490287676.539924) vcan1 3CA#FF80080000000000
(1490287676.568950) vcan1 3CA#FF80080000000000
(1490287676.597757) vcan1 3CA#FF80080000000000
(1490287676.630238) vcan1 3CA#FF80080000000000
(1490287676.659030) vcan1 3CA#FF80080000000000
(1490287676.687861) vcan1 3CA#FF80080000000000
(1490287676.720265) vcan1 3CA#FF80080000000000
(1490287676.749323) vcan1 3CA#FF80080000000000
(1490287676.777988) vcan1 3CA#FF80080000000000
(1490287676.810627) vcan1 3CA#FF80080000000000
(1490287676.839245) vcan1 3CA#FF80080000000000
(1490287676.871818) vcan1 3CA#FF80080000000000
(1490287676.896778) vcan1 3CA#FF80080000000000
(1490287676.909111) vcan1 3CD#0000000000000000
(1490287676.913052) vcan1 3D8#000000008045F010
(1490287676.929209) vcan1 3CA#FF80080000000000
(1490287676.958227) vcan1 3CA#FF80080000000000
(1490287676.990693) vcan1 3CA#FF80080000000000
(1490287677.019461) vcan1 3CA#FF80080000000000
(1490287677.048332) vcan1 3CA#FF80080000000000
(1490287677.080735) vcan1 3CA#FF80080000000000
(1490287677.109475) vcan1 3CA#FF80080000000000
(1490287677.138359) vcan1 3CA#FF80080000000000
(1490287677.170932) vcan1 3CA#FF80080000000000
(1490287677.199617) vcan1 3CA#FF80080000000000
(1490287677.228564) vcan1 3CA#FF80080000000000
(1490287677.257247) vcan1 3CA#FF80080000000000
(1490287677.290010) vcan1 3CA#FF80080000000000
(1490287677.318692) vcan1 3CA#FF80080000000000
(1490287677.351215) vcan1 3CA#FF80080000000000
(1490287677.379803) vcan1 3CA#FF80080000000000
(1490287677.408644) vcan1 3CA#FF80080000000000
(1490287677.437456) vcan1 3CA#FF80080000000000
(1490287677.470103) vcan1 3CA#FF80080000000000
(1490287677.499017) vcan1 3CA#FF80080000000000
(1490287677.531379) vcan1 3CA#FF80080000000000
(1490287677.560225) vcan1 3CA#FF80080000000000
(1490287677.589316) vcan1 3CA#FF80080000000000
(1490287677.621691) vcan1 3CA#FF80080000000000
(1490287677.650425) vcan1 3CA#FF80080000000000
(1490287677.679071) vcan1 3CA#FF80080000000000
(1490287677.711604) vcan1 3CA#FF80080000000000
(1490287677.740162) vcan1 3CA#FF80080000000000
(1490287677.769276) vcan1 3CA#FF80080000000000
(1490287677.797927) vcan1 3CA#FF80080000000000
(1490287677.830481) vcan1 3CA#FF80080000000000
(1490287677.859182) vcan1 3CA#FF80080000000000
(1490287677.888031) vcan1 3CA#FF80080000000000
(1490287677.912400) vcan1 3CD#0000000000000000
(1490287677.912821) vcan1 3D8#000000008045F010
(1490287677.916715) vcan1 3CA#FF80080000000000
(1490287677.949465) vcan1 3CA#FF80080000000000
(1490287677.978161) vcan1 3CA#FF80080000000000
(1490287678.010686) vcan1 3CA#FF80080000000000
(1490287678.039363) vcan1 3CA#FF80080000000000
(1490287678.068264) vcan1 3CA#FF80080000000000
(1490287678.096954) vcan1 3CA#FF80080000000000
(1490287678.129638) vcan1 3CA#FF80080000000000
(1490287678.158351) vcan1 3CA#FF80080000000000
(1490287678.190861) vcan1 3CA#FF80080000000000
(1490287678.219558) vcan1 3CA#FF80080000000000
(1490287678.248497) vcan1 3CA#FF80080000000000
(1490287678.277191) vcan1 3CA#FF80080000000000
(1490287678.309893) vcan1 3CA#FF80080000000000
(1490287678.338486) vcan1 3CA#FF80080000000000
(1490287678.371023) vcan1 3CA#FF80080000000000
(1490287678.399748) vcan1 3CA#FF80080000000000
(1490287678.428830) vcan1 3CA#FF80080000000000
(1490287678.457366) vcan1 3CA#FF80080000000000
(1490287678.490037) vcan1 3CA#FF80080000000000
(1490287678.518729) vcan1 3CA#FF80080000000000
(1490287678.551238) vcan1 3CA#FF80080000000000
(1490287678.580105) vcan1 3CA#FF80080000000000
(1490287678.608998) vcan1 3CA#FF80080000000000
(1490287678.637629) vcan1 3CA#FF80080000000000
(1490287678.670233) vcan1 3CA#FF80080000000000
(1490287678.699081) vcan1 3CA#FF80080000000000
(1490287678.727736) vcan1 3CA#FF80080000000000
(1490287678.760147) vcan1 3CA#FF80080000000000
(1490287678.789179) vcan1 3CA#FF80080000000000
(1490287678.817869) vcan1 3CA#FF80080000000000
(1490287678.850425) vcan1 3CA#FF80080000000000
(1490287678.879033) vcan1 3CA#FF80080000000000
(1490287678.912023) vcan1 3CA#FF80080000000000
(1490287678.912382) vcan1 3CD#0000000000000000
(1490287678.916377) vcan1 3D8#000000008045F010
(1490287678.937064) vcan1 3CA#FF80080000000000
(1490287678.969599) vcan1 3CA#FF80080000000000
(1490287678.998241) vcan1 3CA#FF80080000000000
(1490287679.030562) vcan1 3CA#FF80080000000000
(1490287679.059331) vcan1 3CA#FF80080000000000
(1490287679.088202) vcan1 3CA#FF80080000000000
(1490287679.116886) vcan1 3CA#FF80080000000000
(1490287679.149585) vcan1 3CA#FF80080000000000
(1490287679.178289) vcan1 3CA#FF80080000000000
(1490287679.210736) vcan1 3CA#FF80080000000000
(1490287679.239550) vcan1 3CA#FF80080000000000
(1490287679.272128) vcan1 3CA#FF80080000000000
(1490287679.297116) vcan1 3CA#FF80080000000000
(1490287679.329778) vcan1 3CA#FF80080000000000
(1490287679.358471) vcan1 3CA#FF80080000000000
(1490287679.390896) vcan1 3CA#FF80080000000000
(1490287679.419923) vcan1 3CA#FF80080000000000
(1490287679.448699) vcan1 3CA#FF80080000000000
(1490287679.477348) vcan1 3CA#FF80080000000000
(1490287679.509916) vcan1 3CA#FF80080000000000
(1490287679.538663) vcan1 3CA#FF80080000000000
(1490287679.571173) vcan1 3CA#FF80080000000000
(1490287679.599867) vcan1 3CA#FF80080000000000
(1490287679.628735) vcan1 3CA#FF80080000000000
(1490287679.657561) vcan1 3CA#FF80080000000000
(1490287679.690174) vcan1 3CA#FF80080000000000
(1490287679.719462) vcan1 3CA#FF80080000000000
(1490287679.751777) vcan1 3CA#FF80080000000000
(1490287679.780296) vcan1 3CA#FF80080000000000
(1490287679.809484) vcan1 3CA#FF80080000000000
(1490287679.838049) vcan1 3CA#FF80080000000000
(1490287679.870645) vcan1 3CA#FF80080000000000
(1490287679.899153) vcan1 3CA#FF80080000000000
(1490287679.911600) vcan1 3CD#0000000000000000
(1490287679.912272) vcan1 3D8#000000008045F010
(1490287679.931791) vcan1 3CA#FF80080000000000
(1490287679.960262) vcan1 3CA#FF80080000000000
(1490287679.989180) vcan1 3CA#FF80080000000000
(1490287680.021838) vcan1 3CA#FF80080000000000
(1490287680.046688) vcan1 3CA#FF80080000000000
(1490287680.079244) vcan1 3CA#FF80080000000000
(1490287680.108255) vcan1 3CA#FF80080000000000
(1490287680.137083) vcan1 3CA#FF80080000000000
(1490287680.169413) vcan1 3CA#FF80080000000000
(1490287680.198269) vcan1 3CA#FF80080000000000
(1490287680.230746) vcan1 3CA#FF80080000000000
(1490287680.259348) vcan1 3CA#FF80080000000000
(1490287680.288318) vcan1 3CA#FF80080000000000
(1490287680.317086) vcan1 3CA#FF80080000000000
(1490287680.349532) vcan1 3CA#FF80080000000000
(1490287680.378359) vcan1 3CA#FF80080000000000
(1490287680.407162) vcan1 3CA#FF80080000000000
(1490287680.439924) vcan1 3CA#FF80080000000000
(1490287680.468605) vcan1 3CA#FF80080000000000
(1490287680.497447) vcan1 3CA#FF80080000000000
(1490287680.529903) vcan1 3CA#FF80080000000000
(1490287680.558627) vcan1 3CA#FF80080000000000
(1490287680.591144) vcan1 3CA#FF80080000000000
(1490287680.620394) vcan1 3CA#FF80080000000000
(1490287680.648911) vcan1 3CA#FF80080000000000
(1490287680.677500) vcan1 3CA#FF80080000000000
(1490287680.710143) vcan1 3CA#FF80080000000000
(1490287680.739140) vcan1 3CA#FF80080000000000
(1490287680.771461) vcan1 3CA#FF80080000000000
(1490287680.800241) vcan1 3CA#FF80080000000000
(1490287680.812417) vcan1 3D8#000000008045F030
(1490287680.829368) vcan1 3CA#FF80080000000000
(1490287680.857939) vcan1 3CA#FF80080000000000
(1490287680.890077) vcan1 3CA#FF80080000000000
(1490287680.911016) vcan1 3CD#0000000000000000
(1490287680.914725) vcan1 3D8#000000008045F030
(1490287680.919034) vcan1 3CA#FF80080000000000
(1490287680.947846) vcan1 3CA#FF80080000000000
(1490287680.980200) vcan1 3CA#FF80080000000000
(1490287681.009145) vcan1 3CA#FF80080000000000
(1490287681.037970) vcan1 3CA#FF80080000000000
(1490287681.070548) vcan1 3CA#FF80080000000000
(1490287681.099239) vcan1 3CA#FF80080000000000
(1490287681.128077) vcan1 3CA#FF80080000000000
(1490287681.160431) vcan1 3CA#FF80080000000000
(1490287681.189277) vcan1 3CA#FF80080000000000
(1490287681.218178) vcan1 3CA#FF80080000000000
(1490287681.246882) vcan1 3CA#FF80080000000000
(1490287681.279368) vcan1 3CA#FF80080000000000
(1490287681.308307) vcan1 3CA#FF80080000000000
(1490287681.337019) vcan1 3CA#FF80080000000000
(1490287681.369519) vcan1 3CA#FF80080000000000
(1490287681.398409) vcan1 3CA#FF80080000000000
(1490287681.427102) vcan1 3CA#FF80080000000000
(1490287681.459569) vcan1 3CA#FF80080000000000
(1490287681.488454) vcan1 3CA#FF80080000000000
(1490287681.517260) vcan1 3CA#FF80080000000000
(1490287681.549601) vcan1 3CA#FF80080000000000
(1490287681.578619) vcan1 3CA#FF80080000000000
(1490287681.611100) vcan1 3CA#FF80080000000000
(1490287681.639749) vcan1 3CA#FF80080000000000
(1490287681.668667) vcan1 3CA#FF80080000000000
(1490287681.697493) vcan1 3CA#FF80080000000000
(1490287681.730380) vcan1 3CA#FF80080000000000
(1490287681.758820) vcan1 3CA#FF80080000000000
(1490287681.787490) vcan1 3CA#FF80080000000000
(1490287681.819984) vcan1 3CA#FF80080000000000
(1490287681.848893) vcan1 3CA#FF80080000000000
(1490287681.881474) vcan1 3CA#FF80080000000000
(1490287681.910240) vcan1 3CA#FF80080000000000
(1490287681.910607) vcan1 3CD#0000000000000000
(1490287681.914354) vcan1 3D8#000000008045F030
(1490287681.939062) vcan1 3CA#FF80080000000000
(1490287681.967786) vcan1 3CA#FF80080000000000
(1490287682.000339) vcan1 3CA#FF80080000000000
(1490287682.029264) vcan1 3CA#FF80080000000000
(1490287682.057910) vcan1 3CA#FF80080000000000
(1490287682.090349) vcan1 3CA#FF80080000000000
(1490287682.119179) vcan1 3CA#FF80080000000000
(1490287682.148021) vcan1 3CA#FF80080000000000
(1490287682.176705) vcan1 3CA#FF80080000000000
(1490287682.209493) vcan1 3CA#FF80080000000000
(1490287682.238121) vcan1 3CA#FF80080000000000
(1490287682.266806) vcan1 3CA#FF80080000000000
(1490287682.299313) vcan1 3CA#FF80080000000000
(1490287682.328242) vcan1 3CA#FF80080000000000
(1490287682.356939) vcan1 3CA#FF80080000000000
(1490287682.389705) vcan1 3CA#FF80080000000000
(1490287682.418340) vcan1 3CA#FF80080000000000
(1490287682.450760) vcan1 3CA#FF80080000000000
(1490287682.479558) vcan1 3CA#FF80080000000000
(1490287682.512191) vcan1 3CA#FF80080000000000
(1490287682.537172) vcan1 3CA#FF80080000000000
(1490287682.569764) vcan1 3CA#FF80080000000000
(1490287682.598501) vcan1 3CA#FF80080000000000
(1490287682.631008) vcan1 3CA#FF80080000000000
(1490287682.659685) vcan1 3CA#FF80080000000000
(1490287682.692420) vcan1 3CA#FF80080000000000
(1490287682.721184) vcan1 3CA#FF80080000000000
(1490287682.750137) vcan1 3CA#FF80080000000000
(1490287682.778619) vcan1 3CA#FF80080000000000
(1490287682.807494) vcan1 3CA#FF80080000000000
(1490287682.839879) vcan1 3CA#FF80080000000000
(1490287682.868803) vcan1 3CA#FF80080000000000
(1490287682.897663) vcan1 3CA#FF80080000000000
(1490287682.909996) vcan1 3CD#0000000000000000
(1490287682.913710) vcan1 3D8#000000008045F030
(1490287682.930167) vcan1 3CA#FF80080000000000
(1490287682.958890) vcan1 3CA#FF80080000000000
(1490287682.987719) vcan1 3CA#FF80080000000000
(1490287683.020112) vcan1 3CA#FF80080000000000
(1490287683.049186) vcan1 3CA#FF80080000000000
(1490287683.077852) vcan1 3CA#FF80080000000000
(1490287683.098302) vcan1 3D8#0000000080456030
(1490287683.110487) vcan1 3CA#FF80080000000000
(1490287683.139077) vcan1 3CA#FF80080000000000
(1490287683.167951) vcan1 3CA#FF80080000000000
(1490287683.196659) vcan1 3CA#FF80080000000000
(1490287683.229105) vcan1 3CA#FF80080000000000
(1490287683.258047) vcan1 3CA#FF80080000000000
(1490287683.286745) vcan1 3CA#FF80080000000000
(1490287683.319310) vcan1 3CA#FF80080000000000
(1490287683.348142) vcan1 3CA#FF80080000000000
(1490287683.376882) vcan1 3CA#FF80080000000000
(1490287683.409388) vcan1 3CA#FF80080000000000
(1490287683.438226) vcan1 3CA#FF80080000000000
(1490287683.467020) vcan1 3CA#FF80080000000000
(1490287683.499490) vcan1 3CA#FF80080000000000
(1490287683.528537) vcan1 3CA#FF80080000000000
(1490287683.557107) vcan1 3CA#FF80080000000000
(1490287683.589621) vcan1 3CA#FF80080000000000
(1490287683.622313) vcan1 3CA#FF80080000000000
(1490287683.647359) vcan1 3CA#FF80080000000000
(1490287683.679676) vcan1 3CA#FF80080000000000
(1490287683.708722) vcan1 3CA#FF80080000000000
(1490287683.741041) vcan1 3CA#FF80080000000000
(1490287683.769638) vcan1 3CA#FF80080000000000
(1490287683.798642) vcan1 3CA#FF80080000000000
(1490287683.827444) vcan1 3CA#FF80080000000000
(1490287683.859846) vcan1 3CA#FF80080000000000
(1490287683.888869) vcan1 3CA#FF80080000000000
(1490287683.909445) vcan1 3CD#0000000000000000
(1490287683.913214) vcan1 3D8#0000000080456030
(1490287683.917486) vcan1 3CA#FF80080000000000
(1490287683.950194) vcan1 3CA#FF80080000000000
(1490287683.978821) vcan1 3CA#FF80080000000000
(1490287684.007572) vcan1 3CA#FF80080000000000
(1490287684.039998) vcan1 3CA#FF80080000000000
(1490287684.068967) vcan1 3CA#FF80080000000000
(1490287684.097787) vcan1 3CA#FF80080000000000
(1490287684.130108) vcan1 3CA#FF80080000000000
(1490287684.159009) vcan1 3CA#FF80080000000000
(1490287684.187888) vcan1 3CA#FF80080000000000
(1490287684.220256) vcan1 3CA#FF80080000000000
(1490287684.249341) vcan1 3CA#FF80080000000000
(1490287684.278036) vcan1 3CA#FF80080000000000
(1490287684.310557) vcan1 3CA#FF80080000000000
(1490287684.339220) vcan1 3CA#FF80080000000000
(1490287684.368119) vcan1 3CA#FF80080000000000
(1490287684.396807) vcan1 3CA#FF80080000000000
(1490287684.429312) vcan1 3CA#FF80080000000000
(1490287684.458162) vcan1 3CA#FF80080000000000
(1490287684.486899) vcan1 3CA#FF80080000000000
(1490287684.519533) vcan1 3CA#FF80080000000000
(1490287684.548803) vcan1 3CA#FF80080000000000
(1490287684.577205) vcan1 3CA#FF80080000000000
(1490287684.609591) vcan1 3CA#FF80080000000000
(1490287684.638299) vcan1 3CA#FF80080000000000
(1490287684.670797) vcan1 3CA#FF80080000000000
(1490287684.699759) vcan1 3CA#FF80080000000000
(1490287684.728761) vcan1 3CA#FF80080000000000
(1490287684.757364) vcan1 3CA#FF80080000000000
(1490287684.789830) vcan1 3CA#FF80080000000000
(1490287684.801963) vcan1 3D8#000000008045F030
(1490287684.818705) vcan1 3CA#FF80080000000000
(1490287684.851136) vcan1 3CA#FF80080000000000
(1490287684.880006) vcan1 3CA#FF80080000000000
(1490287684.909382) vcan1 3CA#FF80080000000000
(1490287684.913095) vcan1 3CD#0000000000000000
(1490287684.913793) vcan1 3D8#000000008045F030
(1490287684.937603) vcan1 3CA#FF80080000000000
(1490287684.969952) vcan1 3CA#FF80080000000000
(1490287684.998858) vcan1 3CA#FF80080000000000
(1490287685.031518) vcan1 3CA#FF80080000000000
(1490287685.060164) vcan1 3CA#FF80080000000000
(1490287685.089172) vcan1 3CA#FF80080000000000
(1490287685.117728) vcan1 3CA#FF80080000000000
(1490287685.150115) vcan1 3CA#FF80080000000000
(1490287685.178950) vcan1 3CA#FF80080000000000
(1490287685.207784) vcan1 3CA#FF80080000000000
(1490287685.236504) vcan1 3CA#FF80080000000000
(1490287685.269257) vcan1 3CA#FF80080000000000
(1490287685.298207) vcan1 3CA#FF80080000000000
(1490287685.330345) vcan1 3CA#FF80080000000000
(1490287685.359480) vcan1 3CA#FF80080000000000
(1490287685.388175) vcan1 3CA#FF80080000000000
(1490287685.420468) vcan1 3CA#FF80080000000000
(1490287685.449281) vcan1 3CA#FF80080000000000
(1490287685.478165) vcan1 3CA#FF80080000000000
(1490287685.510852) vcan1 3CA#FF80080000000000
(1490287685.539348) vcan1 3CA#FF80080000000000
(1490287685.568195) vcan1 3CA#FF80080000000000
(1490287685.600705) vcan1 3CA#FF80080000000000
(1490287685.629622) vcan1 3CA#FF80080000000000
(1490287685.658333) vcan1 3CA#FF80080000000000
(1490287685.691014) vcan1 3CA#FF80080000000000
(1490287685.719611) vcan1 3CA#FF80080000000000
(1490287685.748421) vcan1 3CA#FF80080000000000
(1490287685.777210) vcan1 3CA#FF80080000000000
(1490287685.809911) vcan1 3CA#FF80080000000000
(1490287685.838626) vcan1 3CA#FF80080000000000
(1490287685.871245) vcan1 3CA#FF80080000000000
(1490287685.899699) vcan1 3CA#FF80080000000000
(1490287685.912193) vcan1 3CD#0000000000000000
(1490287685.912601) vcan1 3D8#000000008045F030
(1490287685.928739) vcan1 3CA#FF80080000000000
(1490287685.957418) vcan1 3CA#FF80080000000000
(1490287685.990228) vcan1 3CA#FF80080000000000
(1490287686.022629) vcan1 3CA#FF80080000000000
(1490287686.051364) vcan1 3CA#FF80080000000000
(1490287686.080266) vcan1 3CA#FF80080000000000
(1490287686.108954) vcan1 3CA#FF80080000000000
(1490287686.137658) vcan1 3CA#FF80080000000000
(1490287686.170407) vcan1 3CA#FF80080000000000
(1490287686.198954) vcan1 3CA#FF80080000000000
(1490287686.227760) vcan1 3CA#FF80080000000000
(1490287686.260112) vcan1 3CA#FF80080000000000
(1490287686.289240) vcan1 3CA#FF80080000000000
(1490287686.317890) vcan1 3CA#FF80080000000000
(1490287686.350219) vcan1 3CA#FF80080000000000
(1490287686.379108) vcan1 3CA#FF80080000000000
(1490287686.407956) vcan1 3CA#FF80080000000000
(1490287686.440350) vcan1 3CA#FF80080000000000
(1490287686.469445) vcan1 3CA#FF80080000000000
(1490287686.498083) vcan1 3CA#FF80080000000000
(1490287686.530542) vcan1 3CA#FF80080000000000
(1490287686.559351) vcan1 3CA#FF80080000000000
(1490287686.588206) vcan1 3CA#FF80080000000000
(1490287686.616894) vcan1 3CA#FF80080000000000
(1490287686.649654) vcan1 3CA#FF80080000000000
(1490287686.678332) vcan1 3CA#FF80080000000000
(1490287686.707020) vcan1 3CA#FF80080000000000
(1490287686.739479) vcan1 3CA#FF80080000000000
(1490287686.768459) vcan1 3CA#FF80080000000000
(1490287686.797151) vcan1 3CA#FF80080000000000
(1490287686.829814) vcan1 3CA#FF80080000000000
(1490287686.858449) vcan1 3CA#FF80080000000000
(1490287686.887228) vcan1 3CA#FF80080000000000
(1490287686.907608) vcan1 3CD#0000000000000000
(1490287686.911795) vcan1 3D8#000000008045F030
(1490287686.919760) vcan1 3CA#FF80080000000000
(1490287686.948585) vcan1 3CA#FF80080000000000
(1490287686.977375) vcan1 3CA#FF80080000000000
(1490287687.009815) vcan1 3CA#FF80080000000000
(1490287687.038678) vcan1 3CA#FF80080000000000
(1490287687.067459) vcan1 3CA#FF80080000000000
(1490287687.099878) vcan1 3CA#FF80080000000000
(1490287687.128706) vcan1 3CA#FF80080000000000
(1490287687.157528) vcan1 3CA#FF80080000000000
(1490287687.190400) vcan1 3CA#FF80080000000000
(1490287687.219039) vcan1 3CA#FF80080000000000
(1490287687.247701) vcan1 3CA#FF80080000000000
(1490287687.280047) vcan1 3CA#FF80080000000000
(1490287687.309351) vcan1 3CA#FF80080000000000
(1490287687.338145) vcan1 3CA#FF80080000000000
(1490287687.370219) vcan1 3CA#FF80080000000000
(1490287687.399062) vcan1 3CA#FF80080000000000
(1490287687.427932) vcan1 3CA#FF80080000000000
(1490287687.460281) vcan1 3CA#FF80080000000000
(1490287687.489296) vcan1 3CA#FF80080000000000
(1490287687.518070) vcan1 3CA#FF80080000000000
(1490287687.546720) vcan1 3CA#FF80080000000000
(1490287687.579239) vcan1 3CA#FF80080000000000
(1490287687.608131) vcan1 3CA#FF80080000000000
(1490287687.636825) vcan1 3CA#FF80080000000000
(1490287687.669542) vcan1 3CA#FF80080000000000
(1490287687.698209) vcan1 3CA#FF80080000000000
(1490287687.730764) vcan1 3CA#FF80080000000000
(1490287687.759719) vcan1 3CA#FF80080000000000
(1490287687.788443) vcan1 3CA#FF80080000000000
(1490287687.821083) vcan1 3CA#FF80080000000000
(1490287687.849736) vcan1 3CA#FF80080000000000
(1490287687.878501) vcan1 3CA#FF80080000000000
(1490287687.907419) vcan1 3CA#FF80080000000000
(1490287687.911362) vcan1 3CD#0000000000000000
(1490287687.915038) vcan1 3D8#000000008045F030
(1490287687.939618) vcan1 3CA#FF80080000000000
(1490287687.968563) vcan1 3CA#FF80080000000000
(1490287687.997319) vcan1 3CA#FF80080000000000
(1490287688.029741) vcan1 3CA#FF80080000000000
(1490287688.058586) vcan1 3CA#FF80080000000000
(1490287688.087426) vcan1 3CA#FF80080000000000
(1490287688.119838) vcan1 3CA#FF80080000000000
(1490287688.148726) vcan1 3CA#FF80080000000000
(1490287688.177524) vcan1 3CA#FF80080000000000
(1490287688.209926) vcan1 3CA#FF80080000000000
(1490287688.238707) vcan1 3CA#FF80080000000000
(1490287688.267641) vcan1 3CA#FF80080000000000
(1490287688.299964) vcan1 3CA#FF80080000000000
(1490287688.328906) vcan1 3CA#FF80080000000000
(1490287688.357767) vcan1 3CA#FF80080000000000
(1490287688.390338) vcan1 3CA#FF80080000000000
(1490287688.419046) vcan1 3CA#FF80080000000000
(1490287688.447875) vcan1 3CA#FF80080000000000
(1490287688.480217) vcan1 3CA#FF80080000000000
(1490287688.509155) vcan1 3CA#FF80080000000000
(1490287688.537974) vcan1 3CA#FF80080000000000
(1490287688.566659) vcan1 3CA#FF80080000000000
(1490287688.599211) vcan1 3CA#FF80080000000000
(1490287688.628081) vcan1 3CA#FF80080000000000
(1490287688.660435) vcan1 3CA#FF80080000000000
(1490287688.689312) vcan1 3CA#FF80080000000000
(1490287688.718208) vcan1 3CA#FF80080000000000
(1490287688.746894) vcan1 3CA#FF80080000000000
(1490287688.779381) vcan1 3CA#FF80080000000000
(1490287688.808285) vcan1 3CA#FF80080000000000
(1490287688.837028) vcan1 3CA#FF80080000000000
(1490287688.869680) vcan1 3CA#FF80080000000000
(1490287688.898368) vcan1 3CA#FF80080000000000
(1490287688.910618) vcan1 3CD#0000000000000000
(1490287688.911036) vcan1 3D8#000000008045F030
(1490287688.927127) vcan1 3CA#FF80080000000000
(1490287688.959639) vcan1 3CA#FF80080000000000
(1490287688.988327) vcan1 3CA#FF80080000000000
(1490287689.017082) vcan1 3CA#FF80080000000000
(1490287689.049811) vcan1 3CA#FF80080000000000
(1490287689.078558) vcan1 3CA#FF80080000000000
(1490287689.107408) vcan1 3CA#FF80080000000000
(1490287689.139767) vcan1 3CA#FF80080000000000
(1490287689.168671) vcan1 3CA#FF80080000000000
(1490287689.197434) vcan1 3CA#FF80080000000000
(1490287689.229877) vcan1 3CA#FF80080000000000
(1490287689.258759) vcan1 3CA#FF80080000000000
(1490287689.287594) vcan1 3CA#FF80080000000000
(1490287689.320009) vcan1 3CA#FF80080000000000
(1490287689.349048) vcan1 3CA#FF80080000000000
(1490287689.377706) vcan1 3CA#FF80080000000000
(1490287689.410082) vcan1 3CA#FF80080000000000
(1490287689.438939) vcan1 3CA#FF80080000000000
(1490287689.467817) vcan1 3CA#FF80080000000000
(1490287689.496484) vcan1 3CA#FF80080000000000
(1490287689.529091) vcan1 3CA#FF80080000000000
(1490287689.557935) vcan1 3CA#FF80080000000000
(1490287689.586589) vcan1 3CA#FF80080000000000
(1490287689.619228) vcan1 3CA#FF80080000000000
(1490287689.648037) vcan1 3CA#FF80080000000000
(1490287689.676715) vcan1 3CA#FF80080000000000
(1490287689.709238) vcan1 3CA#FF80080000000000
(1490287689.738122) vcan1 3CA#FF80080000000000
(1490287689.770474) vcan1 3CA#FF80080000000000
(1490287689.799587) vcan1 3CA#FF80080000000000
(1490287689.828612) vcan1 3CA#FF80080000000000
(1490287689.857134) vcan1 3CA#FF80080000000000
(1490287689.889640) vcan1 3CA#FF80080000000000
(1490287689.910046) vcan1 3CD#0000000000000000
(1490287689.910534) vcan1 3D8#000000008045F030
(1490287689.918398) vcan1 3CA#FF80080000000000
(1490287689.947063) vcan1 3CA#FF80080000000000
(1490287689.979541) vcan1 3CA#FF80080000000000
(1490287690.008693) vcan1 3CA#FF80080000000000
(1490287690.037191) vcan1 3CA#FF80080000000000
(1490287690.069663) vcan1 3CA#FF80080000000000
(1490287690.098525) vcan1 3CA#FF80080000000000
(1490287690.130942) vcan1 3CA#FF80080000000000
(1490287690.159894) vcan1 3CA#FF80080000000000
(1490287690.188681) vcan1 3CA#FF80080000000000
(1490287690.217382) vcan1 3CA#FF80080000000000
(1490287690.249846) vcan1 3CA#FF80080000000000
(1490287690.278676) vcan1 3CA#FF80080000000000
(1490287690.311176) vcan1 3CA#FF80080000000000
(1490287690.339900) vcan1 3CA#FF80080000000000
(1490287690.368823) vcan1 3CA#FF80080000000000
(1490287690.397613) vcan1 3CA#FF80080000000000
(1490287690.430023) vcan1 3CA#FF80080000000000
(1490287690.459014) vcan1 3CA#FF80080000000000
(1490287690.487753) vcan1 3CA#FF80080000000000
(1490287690.520169) vcan1 3CA#FF80080000000000
(1490287690.549057) vcan1 3CA#FF80080000000000
(1490287690.577823) vcan1 3CA#FF80080000000000
(1490287690.610160) vcan1 3CA#FF80080000000000
(1490287690.639036) vcan1 3CA#FF80080000000000
(1490287690.667986) vcan1 3CA#FF80080000000000
(1490287690.696640) vcan1 3CA#FF80080000000000
(1490287690.729248) vcan1 3CA#FF80080000000000
(1490287690.758069) vcan1 3CA#FF80080000000000
(1490287690.786768) vcan1 3CA#FF80080000000000
(1490287690.819581) vcan1 3CA#FF80080000000000
(1490287690.848510) vcan1 3CA#FF80080000000000
(1490287690.876885) vcan1 3CA#FF80080000000000
(1490287690.909619) vcan1 3CA#FF80080000000000
(1490287690.909985) vcan1 3CD#0000000000000000
(1490287690.913637) vcan1 3D8#000000008045F030
(1490287690.938317) vcan1 3CA#FF80080000000000
(1490287690.967003) vcan1 3CA#FF80080000000000
(1490287690.999520) vcan1 3CA#FF80080000000000
(1490287691.028447) vcan1 3CA#FF80080000000000
(1490287691.057135) vcan1 3CA#FF80080000000000
(1490287691.089596) vcan1 3CA#FF80080000000000
(1490287691.118568) vcan1 3CA#FF80080000000000
(1490287691.147233) vcan1 3CA#FF80080000000000
(1490287691.179650) vcan1 3CA#FF80080000000000
(1490287691.208557) vcan1 3CA#FF80080000000000
(1490287691.237264) vcan1 3CA#FF80080000000000
(1490287691.269797) vcan1 3CA#FF80080000000000
(1490287691.298632) vcan1 3CA#FF80080000000000
(1490287691.327468) vcan1 3CA#FF80080000000000
(1490287691.359863) vcan1 3CA#FF80080000000000
(1490287691.388897) vcan1 3CA#FF80080000000000
